# JRE version: OpenJDK Runtime Environment (8.0_152-b01) (build 1.8.0_152-release-915-b01)
# Java VM: OpenJDK 64-Bit Server VM (25.152-b01 mixed mode windows-amd64 compressed oops)
Heap:
 PSYoungGen      total 228352K, used 43868K [0x00000000eab00000, 0x00000000ff300000, 0x0000000100000000)
  eden space 136192K, 0% used [0x00000000eab00000,0x00000000eab00000,0x00000000f3000000)
  from space 92160K, 47% used [0x00000000f9900000,0x00000000fc3d73f8,0x00000000ff300000)
  to   space 99840K, 0% used [0x00000000f3000000,0x00000000f3000000,0x00000000f9180000)
 ParOldGen       total 435200K, used 392203K [0x00000000c0000000, 0x00000000da900000, 0x00000000eab00000)
  object space 435200K, 90% used [0x00000000c0000000,0x00000000d7f02d38,0x00000000da900000)
 Metaspace       used 7129K, capacity 7672K, committed 7936K, reserved 1056768K
  class space    used 639K, capacity 688K, committed 768K, reserved 1048576K
GC Heap History (10 events):
Event: 106.502 GC heap after
Heap after GC invocations=24 (full 4):
 PSYoungGen      total 236544K, used 39264K [0x00000000eab00000, 0x00000000ffe80000, 0x0000000100000000)
  eden space 126976K, 0% used [0x00000000eab00000,0x00000000eab00000,0x00000000f2700000)
  from space 109568K, 35% used [0x00000000f8c00000,0x00000000fb258010,0x00000000ff700000)
  to   space 103424K, 0% used [0x00000000f2700000,0x00000000f2700000,0x00000000f8c00000)
 ParOldGen       total 435200K, used 318309K [0x00000000c0000000, 0x00000000da900000, 0x00000000eab00000)
  object space 435200K, 73% used [0x00000000c0000000,0x00000000d36d9588,0x00000000da900000)
 Metaspace       used 6775K, capacity 7384K, committed 7680K, reserved 1056768K
  class space    used 620K, capacity 656K, committed 768K, reserved 1048576K
}
Event: 107.436 GC heap before
{Heap before GC invocations=25 (full 4):
 PSYoungGen      total 236544K, used 166240K [0x00000000eab00000, 0x00000000ffe80000, 0x0000000100000000)
  eden space 126976K, 100% used [0x00000000eab00000,0x00000000f2700000,0x00000000f2700000)
  from space 109568K, 35% used [0x00000000f8c00000,0x00000000fb258010,0x00000000ff700000)
  to   space 103424K, 0% used [0x00000000f2700000,0x00000000f2700000,0x00000000f8c00000)
 ParOldGen       total 435200K, used 318309K [0x00000000c0000000, 0x00000000da900000, 0x00000000eab00000)
  object space 435200K, 73% used [0x00000000c0000000,0x00000000d36d9588,0x00000000da900000)
 Metaspace       used 6775K, capacity 7384K, committed 7680K, reserved 1056768K
  class space    used 620K, capacity 656K, committed 768K, reserved 1048576K
Event: 107.702 GC heap after
Heap after GC invocations=25 (full 4):
 PSYoungGen      total 230400K, used 56298K [0x00000000eab00000, 0x00000000ff800000, 0x0000000100000000)
  eden space 126976K, 0% used [0x00000000eab00000,0x00000000eab00000,0x00000000f2700000)
  from space 103424K, 54% used [0x00000000f2700000,0x00000000f5dfa9d0,0x00000000f8c00000)
  to   space 102400K, 0% used [0x00000000f9400000,0x00000000f9400000,0x00000000ff800000)
 ParOldGen       total 435200K, used 318309K [0x00000000c0000000, 0x00000000da900000, 0x00000000eab00000)
  object space 435200K, 73% used [0x00000000c0000000,0x00000000d36d9588,0x00000000da900000)
 Metaspace       used 6775K, capacity 7384K, committed 7680K, reserved 1056768K
  class space    used 620K, capacity 656K, committed 768K, reserved 1048576K
}
Event: 108.405 GC heap before
{Heap before GC invocations=26 (full 4):
 PSYoungGen      total 230400K, used 183274K [0x00000000eab00000, 0x00000000ff800000, 0x0000000100000000)
  eden space 126976K, 100% used [0x00000000eab00000,0x00000000f2700000,0x00000000f2700000)
  from space 103424K, 54% used [0x00000000f2700000,0x00000000f5dfa9d0,0x00000000f8c00000)
  to   space 102400K, 0% used [0x00000000f9400000,0x00000000f9400000,0x00000000ff800000)
 ParOldGen       total 435200K, used 318309K [0x00000000c0000000, 0x00000000da900000, 0x00000000eab00000)
  object space 435200K, 73% used [0x00000000c0000000,0x00000000d36d9588,0x00000000da900000)
 Metaspace       used 6780K, capacity 7384K, committed 7680K, reserved 1056768K
  class space    used 620K, capacity 656K, committed 768K, reserved 1048576K
Event: 108.751 GC heap after
Heap after GC invocations=26 (full 4):
 PSYoungGen      total 232960K, used 74453K [0x00000000eab00000, 0x0000000100000000, 0x0000000100000000)
  eden space 130560K, 0% used [0x00000000eab00000,0x00000000eab00000,0x00000000f2a80000)
  from space 102400K, 72% used [0x00000000f9400000,0x00000000fdcb5670,0x00000000ff800000)
  to   space 108032K, 0% used [0x00000000f2a80000,0x00000000f2a80000,0x00000000f9400000)
 ParOldGen       total 435200K, used 318309K [0x00000000c0000000, 0x00000000da900000, 0x00000000eab00000)
  object space 435200K, 73% used [0x00000000c0000000,0x00000000d36d9588,0x00000000da900000)
 Metaspace       used 6780K, capacity 7384K, committed 7680K, reserved 1056768K
  class space    used 620K, capacity 656K, committed 768K, reserved 1048576K
}
Event: 109.238 GC heap before
{Heap before GC invocations=27 (full 4):
 PSYoungGen      total 232960K, used 205013K [0x00000000eab00000, 0x0000000100000000, 0x0000000100000000)
  eden space 130560K, 100% used [0x00000000eab00000,0x00000000f2a80000,0x00000000f2a80000)
  from space 102400K, 72% used [0x00000000f9400000,0x00000000fdcb5670,0x00000000ff800000)
  to   space 108032K, 0% used [0x00000000f2a80000,0x00000000f2a80000,0x00000000f9400000)
 ParOldGen       total 435200K, used 318309K [0x00000000c0000000, 0x00000000da900000, 0x00000000eab00000)
  object space 435200K, 73% used [0x00000000c0000000,0x00000000d36d9588,0x00000000da900000)
 Metaspace       used 6780K, capacity 7384K, committed 7680K, reserved 1056768K
  class space    used 620K, capacity 656K, committed 768K, reserved 1048576K
Event: 109.439 GC heap after
Heap after GC invocations=27 (full 4):
 PSYoungGen      total 238592K, used 54304K [0x00000000eab00000, 0x00000000fff80000, 0x0000000100000000)
  eden space 130560K, 0% used [0x00000000eab00000,0x00000000eab00000,0x00000000f2a80000)
  from space 108032K, 50% used [0x00000000f2a80000,0x00000000f5f88170,0x00000000f9400000)
  to   space 104960K, 0% used [0x00000000f9900000,0x00000000f9900000,0x00000000fff80000)
 ParOldGen       total 435200K, used 356841K [0x00000000c0000000, 0x00000000da900000, 0x00000000eab00000)
  object space 435200K, 81% used [0x00000000c0000000,0x00000000d5c7a600,0x00000000da900000)
 Metaspace       used 6780K, capacity 7384K, committed 7680K, reserved 1056768K
  class space    used 620K, capacity 656K, committed 768K, reserved 1048576K
}
Event: 123.958 GC heap before
{Heap before GC invocations=28 (full 4):
 PSYoungGen      total 238592K, used 184844K [0x00000000eab00000, 0x00000000fff80000, 0x0000000100000000)
  eden space 130560K, 99% used [0x00000000eab00000,0x00000000f2a7afc0,0x00000000f2a80000)
  from space 108032K, 50% used [0x00000000f2a80000,0x00000000f5f88170,0x00000000f9400000)
  to   space 104960K, 0% used [0x00000000f9900000,0x00000000f9900000,0x00000000fff80000)
 ParOldGen       total 435200K, used 356841K [0x00000000c0000000, 0x00000000da900000, 0x00000000eab00000)
  object space 435200K, 81% used [0x00000000c0000000,0x00000000d5c7a600,0x00000000da900000)
 Metaspace       used 7129K, capacity 7672K, committed 7936K, reserved 1056768K
  class space    used 639K, capacity 688K, committed 768K, reserved 1048576K
Event: 124.281 GC heap after
Heap after GC invocations=28 (full 4):
 PSYoungGen      total 228352K, used 43868K [0x00000000eab00000, 0x00000000ff300000, 0x0000000100000000)
  eden space 136192K, 0% used [0x00000000eab00000,0x00000000eab00000,0x00000000f3000000)
  from space 92160K, 47% used [0x00000000f9900000,0x00000000fc3d73f8,0x00000000ff300000)
  to   space 99840K, 0% used [0x00000000f3000000,0x00000000f3000000,0x00000000f9180000)
 ParOldGen       total 435200K, used 392203K [0x00000000c0000000, 0x00000000da900000, 0x00000000eab00000)
  object space 435200K, 90% used [0x00000000c0000000,0x00000000d7f02d38,0x00000000da900000)
 Metaspace       used 7129K, capacity 7672K, committed 7936K, reserved 1056768K
  class space    used 639K, capacity 688K, committed 768K, reserved 1048576K
}
Event: 124.281 GC heap before
{Heap before GC invocations=29 (full 5):
 PSYoungGen      total 228352K, used 43868K [0x00000000eab00000, 0x00000000ff300000, 0x0000000100000000)
  eden space 136192K, 0% used [0x00000000eab00000,0x00000000eab00000,0x00000000f3000000)
  from space 92160K, 47% used [0x00000000f9900000,0x00000000fc3d73f8,0x00000000ff300000)
  to   space 99840K, 0% used [0x00000000f3000000,0x00000000f3000000,0x00000000f9180000)
 ParOldGen       total 435200K, used 392203K [0x00000000c0000000, 0x00000000da900000, 0x00000000eab00000)
  object space 435200K, 90% used [0x00000000c0000000,0x00000000d7f02d38,0x00000000da900000)
 Metaspace       used 7129K, capacity 7672K, committed 7936K, reserved 1056768K
  class space    used 639K, capacity 688K, committed 768K, reserved 1048576K

